#! /usr/bin/vvp
:ivl_version "12.0 (stable)";
:ivl_delay_selection "TYPICAL";
:vpi_time_precision + 0;
:vpi_module "/usr/lib/x86_64-linux-gnu/ivl/system.vpi";
:vpi_module "/usr/lib/x86_64-linux-gnu/ivl/vhdl_sys.vpi";
:vpi_module "/usr/lib/x86_64-linux-gnu/ivl/vhdl_textio.vpi";
:vpi_module "/usr/lib/x86_64-linux-gnu/ivl/v2005_math.vpi";
:vpi_module "/usr/lib/x86_64-linux-gnu/ivl/va_math.vpi";
S_0x55accfc8ba30 .scope module, "clock_testbench" "clock_testbench" 2 1;
 .timescale 0 0;
v0x55accfcaaa40_0 .var "clk", 0 0;
v0x55accfcaab00_0 .net "hour_ones", 3 0, L_0x55accfcbc3a0;  1 drivers
v0x55accfcaaba0_0 .net "hour_tens", 3 0, L_0x55accfcbc7f0;  1 drivers
v0x55accfcaac70_0 .net "min_ones", 3 0, L_0x55accfcbbbc0;  1 drivers
v0x55accfcaad40_0 .net "min_tens", 3 0, L_0x55accfcbbf90;  1 drivers
v0x55accfcaade0_0 .var "reset", 0 0;
v0x55accfcaaeb0_0 .net "sec_ones", 3 0, L_0x55accfcbb380;  1 drivers
v0x55accfcaaf80_0 .net "sec_tens", 3 0, L_0x55accfcbb770;  1 drivers
S_0x55accfc8bbc0 .scope module, "uut" "DigitalClock" 2 6, 3 1 0, S_0x55accfc8ba30;
 .timescale 0 0;
    .port_info 0 /INPUT 1 "clk";
    .port_info 1 /INPUT 1 "reset";
    .port_info 2 /OUTPUT 4 "sec_ones";
    .port_info 3 /OUTPUT 4 "sec_tens";
    .port_info 4 /OUTPUT 4 "min_ones";
    .port_info 5 /OUTPUT 4 "min_tens";
    .port_info 6 /OUTPUT 4 "hour_ones";
    .port_info 7 /OUTPUT 4 "hour_tens";
P_0x55accfc75a40 .param/l "CLOCK_FREQ" 0 3 12, +C4<00000010111110101111000010000000>;
P_0x55accfc75a80 .param/l "ONE_SEC_COUNT" 0 3 13, +C4<000000010111110101111000001111111>;
v0x55accfc76da0_0 .net *"_ivl_0", 31 0, L_0x55accfcab050;  1 drivers
v0x55accfc76ea0_0 .net *"_ivl_10", 31 0, L_0x55accfcbb4c0;  1 drivers
L_0x7fa5911600a8 .functor BUFT 1, C4<00000000000000000000000000>, C4<0>, C4<0>, C4<0>;
v0x55accfc779f0_0 .net *"_ivl_13", 25 0, L_0x7fa5911600a8;  1 drivers
L_0x7fa5911600f0 .functor BUFT 1, C4<00000000000000000000000000001010>, C4<0>, C4<0>, C4<0>;
v0x55accfc77a90_0 .net/2u *"_ivl_14", 31 0, L_0x7fa5911600f0;  1 drivers
v0x55accfc78780_0 .net *"_ivl_16", 31 0, L_0x55accfcbb630;  1 drivers
v0x55accfc78820_0 .net *"_ivl_20", 31 0, L_0x55accfcbb8f0;  1 drivers
L_0x7fa591160138 .functor BUFT 1, C4<00000000000000000000000000>, C4<0>, C4<0>, C4<0>;
v0x55accfca8c70_0 .net *"_ivl_23", 25 0, L_0x7fa591160138;  1 drivers
L_0x7fa591160180 .functor BUFT 1, C4<00000000000000000000000000001010>, C4<0>, C4<0>, C4<0>;
v0x55accfca8d50_0 .net/2u *"_ivl_24", 31 0, L_0x7fa591160180;  1 drivers
v0x55accfca8e30_0 .net *"_ivl_26", 31 0, L_0x55accfcbba30;  1 drivers
L_0x7fa591160018 .functor BUFT 1, C4<00000000000000000000000000>, C4<0>, C4<0>, C4<0>;
v0x55accfca8f10_0 .net *"_ivl_3", 25 0, L_0x7fa591160018;  1 drivers
v0x55accfca8ff0_0 .net *"_ivl_30", 31 0, L_0x55accfcbbd00;  1 drivers
L_0x7fa5911601c8 .functor BUFT 1, C4<00000000000000000000000000>, C4<0>, C4<0>, C4<0>;
v0x55accfca90d0_0 .net *"_ivl_33", 25 0, L_0x7fa5911601c8;  1 drivers
L_0x7fa591160210 .functor BUFT 1, C4<00000000000000000000000000001010>, C4<0>, C4<0>, C4<0>;
v0x55accfca91b0_0 .net/2u *"_ivl_34", 31 0, L_0x7fa591160210;  1 drivers
v0x55accfca9290_0 .net *"_ivl_36", 31 0, L_0x55accfcbbe50;  1 drivers
L_0x7fa591160060 .functor BUFT 1, C4<00000000000000000000000000001010>, C4<0>, C4<0>, C4<0>;
v0x55accfca9370_0 .net/2u *"_ivl_4", 31 0, L_0x7fa591160060;  1 drivers
v0x55accfca9450_0 .net *"_ivl_40", 31 0, L_0x55accfcbc140;  1 drivers
L_0x7fa591160258 .functor BUFT 1, C4<000000000000000000000000000>, C4<0>, C4<0>, C4<0>;
v0x55accfca9530_0 .net *"_ivl_43", 26 0, L_0x7fa591160258;  1 drivers
L_0x7fa5911602a0 .functor BUFT 1, C4<00000000000000000000000000001010>, C4<0>, C4<0>, C4<0>;
v0x55accfca9610_0 .net/2u *"_ivl_44", 31 0, L_0x7fa5911602a0;  1 drivers
v0x55accfca96f0_0 .net *"_ivl_46", 31 0, L_0x55accfcbc230;  1 drivers
v0x55accfca97d0_0 .net *"_ivl_50", 31 0, L_0x55accfcbc4e0;  1 drivers
L_0x7fa5911602e8 .functor BUFT 1, C4<000000000000000000000000000>, C4<0>, C4<0>, C4<0>;
v0x55accfca98b0_0 .net *"_ivl_53", 26 0, L_0x7fa5911602e8;  1 drivers
L_0x7fa591160330 .functor BUFT 1, C4<00000000000000000000000000001010>, C4<0>, C4<0>, C4<0>;
v0x55accfca9990_0 .net/2u *"_ivl_54", 31 0, L_0x7fa591160330;  1 drivers
v0x55accfca9a70_0 .net *"_ivl_56", 31 0, L_0x55accfcbc6b0;  1 drivers
v0x55accfca9b50_0 .net *"_ivl_6", 31 0, L_0x55accfcbb210;  1 drivers
v0x55accfca9c30_0 .net "clk", 0 0, v0x55accfcaaa40_0;  1 drivers
v0x55accfca9cf0_0 .var "clk_count", 31 0;
v0x55accfca9dd0_0 .net "hour_ones", 3 0, L_0x55accfcbc3a0;  alias, 1 drivers
v0x55accfca9eb0_0 .net "hour_tens", 3 0, L_0x55accfcbc7f0;  alias, 1 drivers
v0x55accfca9f90_0 .var "hours", 4 0;
v0x55accfcaa070_0 .net "min_ones", 3 0, L_0x55accfcbbbc0;  alias, 1 drivers
v0x55accfcaa150_0 .net "min_tens", 3 0, L_0x55accfcbbf90;  alias, 1 drivers
v0x55accfcaa230_0 .var "minutes", 5 0;
v0x55accfcaa310_0 .var "one_sec_pulse", 0 0;
v0x55accfcaa5e0_0 .net "reset", 0 0, v0x55accfcaade0_0;  1 drivers
v0x55accfcaa6a0_0 .net "sec_ones", 3 0, L_0x55accfcbb380;  alias, 1 drivers
v0x55accfcaa780_0 .net "sec_tens", 3 0, L_0x55accfcbb770;  alias, 1 drivers
v0x55accfcaa860_0 .var "seconds", 5 0;
E_0x55accfc47fc0 .event posedge, v0x55accfcaa5e0_0, v0x55accfca9c30_0;
L_0x55accfcab050 .concat [ 6 26 0 0], v0x55accfcaa860_0, L_0x7fa591160018;
L_0x55accfcbb210 .arith/mod 32, L_0x55accfcab050, L_0x7fa591160060;
L_0x55accfcbb380 .part L_0x55accfcbb210, 0, 4;
L_0x55accfcbb4c0 .concat [ 6 26 0 0], v0x55accfcaa860_0, L_0x7fa5911600a8;
L_0x55accfcbb630 .arith/div 32, L_0x55accfcbb4c0, L_0x7fa5911600f0;
L_0x55accfcbb770 .part L_0x55accfcbb630, 0, 4;
L_0x55accfcbb8f0 .concat [ 6 26 0 0], v0x55accfcaa230_0, L_0x7fa591160138;
L_0x55accfcbba30 .arith/mod 32, L_0x55accfcbb8f0, L_0x7fa591160180;
L_0x55accfcbbbc0 .part L_0x55accfcbba30, 0, 4;
L_0x55accfcbbd00 .concat [ 6 26 0 0], v0x55accfcaa230_0, L_0x7fa5911601c8;
L_0x55accfcbbe50 .arith/div 32, L_0x55accfcbbd00, L_0x7fa591160210;
L_0x55accfcbbf90 .part L_0x55accfcbbe50, 0, 4;
L_0x55accfcbc140 .concat [ 5 27 0 0], v0x55accfca9f90_0, L_0x7fa591160258;
L_0x55accfcbc230 .arith/mod 32, L_0x55accfcbc140, L_0x7fa5911602a0;
L_0x55accfcbc3a0 .part L_0x55accfcbc230, 0, 4;
L_0x55accfcbc4e0 .concat [ 5 27 0 0], v0x55accfca9f90_0, L_0x7fa5911602e8;
L_0x55accfcbc6b0 .arith/div 32, L_0x55accfcbc4e0, L_0x7fa591160330;
L_0x55accfcbc7f0 .part L_0x55accfcbc6b0, 0, 4;
    .scope S_0x55accfc8bbc0;
T_0 ;
    %pushi/vec4 0, 0, 32;
    %store/vec4 v0x55accfca9cf0_0, 0, 32;
    %pushi/vec4 0, 0, 1;
    %store/vec4 v0x55accfcaa310_0, 0, 1;
    %pushi/vec4 0, 0, 6;
    %store/vec4 v0x55accfcaa860_0, 0, 6;
    %pushi/vec4 0, 0, 6;
    %store/vec4 v0x55accfcaa230_0, 0, 6;
    %pushi/vec4 0, 0, 5;
    %store/vec4 v0x55accfca9f90_0, 0, 5;
    %end;
    .thread T_0;
    .scope S_0x55accfc8bbc0;
T_1 ;
    %wait E_0x55accfc47fc0;
    %load/vec4 v0x55accfcaa5e0_0;
    %flag_set/vec4 8;
    %jmp/0xz  T_1.0, 8;
    %pushi/vec4 0, 0, 32;
    %assign/vec4 v0x55accfca9cf0_0, 0;
    %pushi/vec4 0, 0, 1;
    %assign/vec4 v0x55accfcaa310_0, 0;
    %jmp T_1.1;
T_1.0 ;
    %load/vec4 v0x55accfca9cf0_0;
    %pad/u 33;
    %cmpi/e 49999999, 0, 33;
    %jmp/0xz  T_1.2, 4;
    %pushi/vec4 0, 0, 32;
    %assign/vec4 v0x55accfca9cf0_0, 0;
    %pushi/vec4 1, 0, 1;
    %assign/vec4 v0x55accfcaa310_0, 0;
    %jmp T_1.3;
T_1.2 ;
    %load/vec4 v0x55accfca9cf0_0;
    %addi 1, 0, 32;
    %assign/vec4 v0x55accfca9cf0_0, 0;
    %pushi/vec4 0, 0, 1;
    %assign/vec4 v0x55accfcaa310_0, 0;
T_1.3 ;
T_1.1 ;
    %jmp T_1;
    .thread T_1;
    .scope S_0x55accfc8bbc0;
T_2 ;
    %wait E_0x55accfc47fc0;
    %load/vec4 v0x55accfcaa5e0_0;
    %flag_set/vec4 8;
    %jmp/0xz  T_2.0, 8;
    %pushi/vec4 0, 0, 6;
    %assign/vec4 v0x55accfcaa860_0, 0;
    %jmp T_2.1;
T_2.0 ;
    %load/vec4 v0x55accfcaa310_0;
    %flag_set/vec4 8;
    %jmp/0xz  T_2.2, 8;
    %load/vec4 v0x55accfcaa860_0;
    %pad/u 32;
    %cmpi/e 59, 0, 32;
    %jmp/0xz  T_2.4, 4;
    %pushi/vec4 0, 0, 6;
    %assign/vec4 v0x55accfcaa860_0, 0;
    %jmp T_2.5;
T_2.4 ;
    %load/vec4 v0x55accfcaa860_0;
    %addi 1, 0, 6;
    %assign/vec4 v0x55accfcaa860_0, 0;
T_2.5 ;
T_2.2 ;
T_2.1 ;
    %jmp T_2;
    .thread T_2;
    .scope S_0x55accfc8bbc0;
T_3 ;
    %wait E_0x55accfc47fc0;
    %load/vec4 v0x55accfcaa5e0_0;
    %flag_set/vec4 8;
    %jmp/0xz  T_3.0, 8;
    %pushi/vec4 0, 0, 6;
    %assign/vec4 v0x55accfcaa230_0, 0;
    %jmp T_3.1;
T_3.0 ;
    %load/vec4 v0x55accfcaa310_0;
    %flag_set/vec4 9;
    %flag_get/vec4 9;
    %jmp/0 T_3.4, 9;
    %load/vec4 v0x55accfcaa860_0;
    %pad/u 32;
    %pushi/vec4 59, 0, 32;
    %cmp/e;
    %flag_get/vec4 4;
    %and;
T_3.4;
    %flag_set/vec4 8;
    %jmp/0xz  T_3.2, 8;
    %load/vec4 v0x55accfcaa230_0;
    %pad/u 32;
    %cmpi/e 59, 0, 32;
    %jmp/0xz  T_3.5, 4;
    %pushi/vec4 0, 0, 6;
    %assign/vec4 v0x55accfcaa230_0, 0;
    %jmp T_3.6;
T_3.5 ;
    %load/vec4 v0x55accfcaa230_0;
    %addi 1, 0, 6;
    %assign/vec4 v0x55accfcaa230_0, 0;
T_3.6 ;
T_3.2 ;
T_3.1 ;
    %jmp T_3;
    .thread T_3;
    .scope S_0x55accfc8bbc0;
T_4 ;
    %wait E_0x55accfc47fc0;
    %load/vec4 v0x55accfcaa5e0_0;
    %flag_set/vec4 8;
    %jmp/0xz  T_4.0, 8;
    %pushi/vec4 0, 0, 5;
    %assign/vec4 v0x55accfca9f90_0, 0;
    %jmp T_4.1;
T_4.0 ;
    %load/vec4 v0x55accfcaa310_0;
    %flag_set/vec4 10;
    %flag_get/vec4 10;
    %jmp/0 T_4.5, 10;
    %load/vec4 v0x55accfcaa860_0;
    %pad/u 32;
    %pushi/vec4 59, 0, 32;
    %cmp/e;
    %flag_get/vec4 4;
    %and;
T_4.5;
    %flag_set/vec4 9;
    %flag_get/vec4 9;
    %jmp/0 T_4.4, 9;
    %load/vec4 v0x55accfcaa230_0;
    %pad/u 32;
    %pushi/vec4 59, 0, 32;
    %cmp/e;
    %flag_get/vec4 4;
    %and;
T_4.4;
    %flag_set/vec4 8;
    %jmp/0xz  T_4.2, 8;
    %load/vec4 v0x55accfca9f90_0;
    %pad/u 32;
    %cmpi/e 23, 0, 32;
    %jmp/0xz  T_4.6, 4;
    %pushi/vec4 0, 0, 5;
    %assign/vec4 v0x55accfca9f90_0, 0;
    %jmp T_4.7;
T_4.6 ;
    %load/vec4 v0x55accfca9f90_0;
    %addi 1, 0, 5;
    %assign/vec4 v0x55accfca9f90_0, 0;
T_4.7 ;
T_4.2 ;
T_4.1 ;
    %jmp T_4;
    .thread T_4;
    .scope S_0x55accfc8ba30;
T_5 ;
    %pushi/vec4 0, 0, 1;
    %store/vec4 v0x55accfcaaa40_0, 0, 1;
    %end;
    .thread T_5;
    .scope S_0x55accfc8ba30;
T_6 ;
    %delay 10, 0;
    %load/vec4 v0x55accfcaaa40_0;
    %inv;
    %store/vec4 v0x55accfcaaa40_0, 0, 1;
    %jmp T_6;
    .thread T_6;
    .scope S_0x55accfc8ba30;
T_7 ;
    %pushi/vec4 1, 0, 1;
    %store/vec4 v0x55accfcaade0_0, 0, 1;
    %delay 50, 0;
    %pushi/vec4 0, 0, 1;
    %store/vec4 v0x55accfcaade0_0, 0, 1;
    %delay 500000000, 0;
    %vpi_call 2 24 "$stop" {0 0 0};
    %end;
    .thread T_7;
# The file index is used to find the file name in the following table.
:file_names 4;
    "N/A";
    "<interactive>";
    "DigitalClock/DigitalClock_testbench.v";
    "DigitalClock/DigitalClock.v";
